0 info it worked if it ends with ok
1 verbose cli [ '/usr/local/bin/node', '/usr/local/bin/npm', 'run', 'test' ]
2 info using npm@3.7.3
3 info using node@v5.8.0
4 verbose run-script [ 'pretest', 'test', 'posttest' ]
5 info lifecycle App@~pretest: App@
6 silly lifecycle App@~pretest: no script for pretest, continuing
7 info lifecycle App@~test: App@
8 verbose lifecycle App@~test: unsafe-perm in lifecycle true
9 verbose lifecycle App@~test: PATH: /usr/local/lib/node_modules/npm/bin/node-gyp-bin:/Users/mkeisu/IdeaProjects/book-app/node_modules/.bin:/usr/local/bin:/Library/Frameworks/Python.framework/Versions/3.5/bin:/Library/Frameworks/Python.framework/Versions/3.5/bin:/Library/Frameworks/Python.framework/Versions/2.7/bin:/usr/local/bin:/usr/bin:/bin:/usr/sbin:/sbin:/opt/X11/bin:/usr/local/git/bin
10 verbose lifecycle App@~test: CWD: /Users/mkeisu/IdeaProjects/book-app
11 silly lifecycle App@~test: Args: [ '-c', 'NODE_ENV=test ./node_modules/mocha/bin/mocha' ]
12 silly lifecycle App@~test: Returned: code: 1  signal: null
13 info lifecycle App@~test: Failed to exec test script
14 verbose stack Error: App@ test: `NODE_ENV=test ./node_modules/mocha/bin/mocha`
14 verbose stack Exit status 1
14 verbose stack     at EventEmitter.<anonymous> (/usr/local/lib/node_modules/npm/lib/utils/lifecycle.js:239:16)
14 verbose stack     at emitTwo (events.js:100:13)
14 verbose stack     at EventEmitter.emit (events.js:185:7)
14 verbose stack     at ChildProcess.<anonymous> (/usr/local/lib/node_modules/npm/lib/utils/spawn.js:24:14)
14 verbose stack     at emitTwo (events.js:100:13)
14 verbose stack     at ChildProcess.emit (events.js:185:7)
14 verbose stack     at maybeClose (internal/child_process.js:850:16)
14 verbose stack     at Process.ChildProcess._handle.onexit (internal/child_process.js:215:5)
15 verbose pkgid App@
16 verbose cwd /Users/mkeisu/IdeaProjects/book-app
17 error Darwin 15.2.0
18 error argv "/usr/local/bin/node" "/usr/local/bin/npm" "run" "test"
19 error node v5.8.0
20 error npm  v3.7.3
21 error code ELIFECYCLE
22 error App@ test: `NODE_ENV=test ./node_modules/mocha/bin/mocha`
22 error Exit status 1
23 error Failed at the App@ test script 'NODE_ENV=test ./node_modules/mocha/bin/mocha'.
23 error Make sure you have the latest version of node.js and npm installed.
23 error If you do, this is most likely a problem with the App package,
23 error not with npm itself.
23 error Tell the author that this fails on your system:
23 error     NODE_ENV=test ./node_modules/mocha/bin/mocha
23 error You can get information on how to open an issue for this project with:
23 error     npm bugs App
23 error Or if that isn't available, you can get their info via:
23 error     npm owner ls App
23 error There is likely additional logging output above.
24 verbose exit [ 1, true ]
